
null
null
null
null
null
null
null
null
null
null
ListarPaisesReiniciar
ListarPaisesReiniciar
null
null
null
null
FazerLogin
FazerLogin
leo@esteves.com -> null
null -> leo@esteves.com
leo@esteves.com -> ListarPaisesReiniciar
ListarPaisesReiniciar -> leo@esteves.com
leo@esteves.com -> ListarPaisesBuscar
ListarPaisesBuscar -> leo@esteves.com
leo@esteves.com -> VisualizarPais
VisualizarPais -> leo@esteves.com
leo@esteves.com -> null
null -> leo@esteves.com
leo@esteves.com -> null
null -> leo@esteves.com
leo@esteves.com -> CriarPais
CriarPais -> leo@esteves.com
leo@esteves.com -> EditarPais
EditarPais -> leo@esteves.com
leo@esteves.com -> AlterarPais
AlterarPais -> leo@esteves.com
leo@esteves.com -> null
null -> leo@esteves.com
leo@esteves.com -> ListarPaisesBuscar
ListarPaisesBuscar -> leo@esteves.com